f:\a7_qt_from_wince\ui\a3360-ui\debug\basestateeventitem.obj
f:\a7_qt_from_wince\ui\a3360-ui\debug\basestateeventitem2.obj
f:\a7_qt_from_wince\ui\a3360-ui\debug\com.dc.main_eventlistdata.obj
f:\a7_qt_from_wince\ui\a3360-ui\debug\com.dc.radio2_eventlistdata.obj
f:\a7_qt_from_wince\ui\a3360-ui\debug\com.dc.vidiolist_eventlistdata.obj
f:\a7_qt_from_wince\ui\a3360-ui\debug\dumpforarm11.obj
f:\a7_qt_from_wince\ui\a3360-ui\debug\filelist.obj
f:\a7_qt_from_wince\ui\a3360-ui\debug\hzpy.obj
f:\a7_qt_from_wince\ui\a3360-ui\debug\keyevent.obj
f:\a7_qt_from_wince\ui\a3360-ui\debug\lostfunction.obj
f:\a7_qt_from_wince\ui\a3360-ui\debug\main.obj
f:\a7_qt_from_wince\ui\a3360-ui\debug\main2_eventv1.obj
f:\a7_qt_from_wince\ui\a3360-ui\debug\main2_event_funcs.obj
f:\a7_qt_from_wince\ui\a3360-ui\debug\mainwindow.obj
f:\a7_qt_from_wince\ui\a3360-ui\debug\main_eventv1.obj
f:\a7_qt_from_wince\ui\a3360-ui\debug\main_event_funcs.obj
f:\a7_qt_from_wince\ui\a3360-ui\debug\moc_paintedwidget.obj
f:\a7_qt_from_wince\ui\a3360-ui\debug\paintedwidget.obj
f:\a7_qt_from_wince\ui\a3360-ui\debug\png.obj
f:\a7_qt_from_wince\ui\a3360-ui\debug\pubicon_eventv1.obj
f:\a7_qt_from_wince\ui\a3360-ui\debug\pubicon_event_funcs.obj
f:\a7_qt_from_wince\ui\a3360-ui\debug\public.obj
f:\a7_qt_from_wince\ui\a3360-ui\debug\publicfun.obj
f:\a7_qt_from_wince\ui\a3360-ui\debug\publicfun_01.obj
f:\a7_qt_from_wince\ui\a3360-ui\debug\qtmain.obj
f:\a7_qt_from_wince\ui\a3360-ui\debug\radiobase.obj
f:\a7_qt_from_wince\ui\a3360-ui\debug\radiofinder.obj
f:\a7_qt_from_wince\ui\a3360-ui\debug\radio_eventv11.obj
f:\a7_qt_from_wince\ui\a3360-ui\debug\radio_event_funcs.obj
f:\a7_qt_from_wince\ui\a3360-ui\debug\screeneventmanager.obj
f:\a7_qt_from_wince\ui\a3360-ui\debug\sdconfig.obj
f:\a7_qt_from_wince\ui\a3360-ui\debug\sysrw.obj
f:\a7_qt_from_wince\ui\a3360-ui\debug\systemkeymanager.obj
f:\a7_qt_from_wince\ui\a3360-ui\debug\systemvolume.obj
f:\a7_qt_from_wince\ui\a3360-ui\debug\tzstring.obj
f:\a7_qt_from_wince\ui\a3360-ui\debug\uartservicemaster.obj
f:\a7_qt_from_wince\ui\a3360-ui\debug\ui_a6.obj
f:\a7_qt_from_wince\ui\a3360-ui\debug\videolist_eventv1.obj
f:\a7_qt_from_wince\ui\a3360-ui\debug\videolist_event_funcs.obj
f:\a7_qt_from_wince\ui\a3360-ui\debug\windowsradio.obj
f:\a7_qt_from_wince\ui\a3360-ui\debug\zhwfreerun.obj
f:\a7_qt_from_wince\ui\a3360-ui\debug\zstring.obj
f:\a7_qt_from_wince\ui\a3360-ui\debug\a7_from_wince.ilk
f:\a7_qt_from_wince\ui\a3360-ui\debug\a7_from_wince.exe.intermediate.manifest
f:\a7_qt_from_wince\ui\a3360-ui\debug\a7_from_wince.pdb
f:\a7_qt_from_wince\ui\a3360-ui\debug\.\a7_from_wince.pdb
f:\a7_qt_from_wince\ui\a3360-ui\debug\.\a7_from_wince.ilk
f:\a7_qt_from_wince\ui\a3360-ui\debug\a7_from_wince.tlog\cl.command.1.tlog
